2024-07-06 22:10:13 - CC开始签到
2024-07-06 22:10:13 - 今天的奖励为：请求失败，响应代码: 1511, 消息: 请勿重复签到
2024-07-06 22:15:54 - CC开始签到
2024-07-06 22:20:24 - CC开始签到
2024-07-06 22:21:16 - CC开始签到
2024-07-06 22:21:16 - 签到失败或没有奖励
2024-07-06 22:21:29 - CC开始签到
2024-07-06 22:21:47 - 签到失败或没有奖励
2024-07-06 22:23:43 - CC开始签到
2024-07-06 22:24:09 - CC开始签到
2024-07-06 22:24:10 - 签到失败或没有奖励请求失败，响应代码: 1511, 消息: 请勿重复签到
2024-07-06 22:24:19 - CC开始签到
2024-07-06 22:24:19 - 签到失败或没有奖励：请求失败，响应代码: 1511, 消息: 请勿重复签到
2024-07-06 22:41:37 - CC开始签到
2024-07-06 22:41:37 - 签到失败或没有奖励：请求失败，响应代码: 1511, 消息: 请勿重复签到
2024-07-06 22:42:00 - CC开始签到
2024-07-06 22:42:00 - 签到失败或没有奖励：请求失败，响应代码: 1511, 消息: 请勿重复签到
2024-07-06 22:47:00 - CC开始签到
2024-07-06 22:47:00 - 签到失败或没有奖励：请求失败，响应代码: 1511, 消息: 请勿重复签到
2024-07-06 22:59:09 - CC开始签到
2024-07-06 22:59:09 - 签到失败或没有奖励：请求失败，响应代码: 1511, 消息: 请勿重复签到
2024-07-06 22:59:19 - CC开始签到
2024-07-06 22:59:19 - 签到失败或没有奖励：请求失败，响应代码: 1511, 消息: 请勿重复签到
2024-07-06 23:04:28 - CC开始签到
2024-07-06 23:04:28 - 签到失败或没有奖励：请求失败，响应代码: 1511, 消息: 请勿重复签到
2024-07-06 23:04:29 - {"code":0,"message":"","data":{"pushid":"170457642","readkey":"SCTPR1Yei7FiGTV","error":"SUCCESS","errno":0}}
2024-07-06 23:04:29 - =====================================
2024-07-07 17:35:34 - CC开始签到
2024-07-07 17:35:34 - 鸣潮签到成功，今天的奖励为星声
2024-07-07 17:35:36 - 签到成功


2024-07-07 17:35:37 - 签到完毕，开始点赞帖子
2024-07-07 17:35:42 - 第1个帖子点赞成功
2024-07-07 17:35:51 - 第2个帖子点赞成功
2024-07-07 17:36:00 - 第3个帖子点赞成功
2024-07-07 17:36:09 - 第4个帖子点赞成功
2024-07-07 17:36:17 - 第5个帖子点赞成功
2024-07-07 17:36:20 - 点赞完毕，开始转发帖子
2024-07-07 17:36:21 - 分享成功
2024-07-07 17:36:21 - 现在剩余：580金币
2024-07-07 17:36:21 - CC签到成功
2024-07-07 17:36:21 - {"code":0,"message":"","data":{"pushid":"170525131","readkey":"SCTq6BIJsYT7Dny","error":"SUCCESS","errno":0}}
2024-07-07 17:36:21 - =====================================
2024-07-07 17:40:04 - CC开始签到
2024-07-07 17:40:04 - {"code":1511,"msg":"请勿重复签到","success":false}


2024-07-07 17:40:05 - 签到完毕，开始点赞帖子
2024-07-07 17:40:12 - 第1个帖子点赞成功
2024-07-07 17:40:47 - 第2个帖子点赞成功
2024-07-07 17:41:40 - 第3个帖子点赞成功
2024-07-20 17:44:48 - CC开始签到
2024-07-20 17:44:49 - 签到失败或没有奖励：请求失败，响应代码: 1511, 消息: 请勿重复签到
2024-07-20 17:44:49 - {"code":0,"message":"","data":{"pushid":"171798340","readkey":"SCTLh1lppu8yAlS","error":"SUCCESS","errno":0}}
2024-07-20 17:44:49 - =====================================
